"File: PWMoutput.C   Assembler  Version HGASM0202      Page 1


   1  0000              ; Generated by holtek-gcc v3.19, Sat Jul 25 21:11:05 2020
   2  0000              ; 
   3  0000              ; Configuration:
   4  0000              ;       without long instruction
   5  0000              ;       Single ROM, Multi-RAM
   6  0000              ;       bits_per_rom_unit:16
   7  0000              ;       with mp1
   8  0000              ;       with tbhp, address(0x9)
   9  0000              ;          Use tabrd-const
  10  0000              ;       
  11  0000              ;       
  12  0000              ;       
  13  0000              ; use 'tabrdc' instead of 'tabrd'
  14  0000              ;       
  15  0000              
  16  0000              #pragma translator "holtek-gcc 4.6.4" "3.19" "build 20130711"
  17  0000              ; Rebuild 718
  18  0000              
  19  0000              ir equ [2]
  20  0000              mp equ [3]
  21  0000              sbp equ [1]
  22  0000              acc equ [5]
  23  0000              bp equ [4]
  24  0000              tblp equ [7]
  25  0000              tbhp equ [9]
  26  0000              status equ [10]
  27  0000              c equ [10].0
  28  0000              ac equ [10].1
  29  0000              z equ [10].2
  30  0000              ov equ [10].3
  31  0000              intc equ [11]
  32  0000              
  33  0000              extern ra:byte
  34  0000              extern rb:byte
  35  0000              extern rc:byte
  36  0000              extern rd:byte
  37  0000              extern re:byte
  38  0000              extern rf:byte
  39  0000              extern rg:byte
  40  0000              extern rh:byte
  41  0000              extern _Crom2Prom:near
  42  0000              extern _Crom2PromNext:near
  43  0000              
  44  0000              RAMBANK 0 @HCCINIT, @HCCINIT0
  45  0000              
  46  0000              RAMBANK 0 @BITDATASEC, @BITDATASEC1
  47  0000              @HCCINIT	.section 'data'
  48  0000              @HCCINIT0	.section 'data'
  49  0000              @BITDATASEC	 .section 'data'
  50  0000              @BITDATASEC1	 .section 'data'
  51  0000              
  52  0000              #pragma debug scope 1 1
  53  0000              	extern __DELAY3:near
  54  0000              	extern __DELAYX3:near
  55  0000              	extern __DELAYX6:near
  56  0000              	extern __DELAYY5:near
  57  0000              	extern __DELAYY3:near
  58  0000              	extern _builtin_holtek_delay_2:byte
  59  0000              ___tm1al equ [58]
"File: PWMoutput.ASM  Assembler  Version HGASM0202      Page 2

  60  0000              ___tm1ah equ [59]
  61  0000              ___tm1rpl equ [60]
  62  0000              ___tm1rph equ [61]
  63  0000              public _PWM_output
  64  0000              #pragma debug scope 2 1

  26  0000              #line 26 "C:\ChipsGarden\醇法\MK8000\MK8000-Power PCB\UART2PWMwith8bitsMCU\UART2PWMwith8bitsMCU\PWMoutput.C"
  26  0000              _PWM_output .section 'code'
  26  0000              _PWM_output proc
  26  0000              public _PWM_output_2
  26  0000  0004[           local _PWM_output_2 db 4 dup(?)	; 4,0
            00
            ]
  26  0004              #pragma debug variable 12 2 _PWM_output_2+0 "period"
  26  0004              #pragma debug variable 12 2 _PWM_output_2+2 "duty"
  67  0004              #line 67 "C:\ChipsGarden\醇法\MK8000\MK8000-Power PCB\UART2PWMwith8bitsMCU\UART2PWMwith8bitsMCU\PWMoutput.C"
  67  0000  0700     R  	mov a,_PWM_output_2[2]
  67  0001  0500     R  	or a,_PWM_output_2[3]
  67  0002  390A        	snz z
  67  0003  2800     R  	jmp _L2
  69  0004              #line 69 "C:\ChipsGarden\醇法\MK8000\MK8000-Power PCB\UART2PWMwith8bitsMCU\UART2PWMwith8bitsMCU\PWMoutput.C"
  69  0004  1F3A        	clr [58]
  70  0005              #line 70 "C:\ChipsGarden\醇法\MK8000\MK8000-Power PCB\UART2PWMwith8bitsMCU\UART2PWMwith8bitsMCU\PWMoutput.C"
  70  0005  1F3B        	clr [59]
  70  0006  2800     R  	jmp _L3
  70  0007              _L2:
  75  0007              #line 75 "C:\ChipsGarden\醇法\MK8000\MK8000-Power PCB\UART2PWMwith8bitsMCU\UART2PWMwith8bitsMCU\PWMoutput.C"
  75  0007  0700     R  	mov a,_PWM_output_2[2]
  75  0008  00BA        	mov [58],a
  76  0009              #line 76 "C:\ChipsGarden\醇法\MK8000\MK8000-Power PCB\UART2PWMwith8bitsMCU\UART2PWMwith8bitsMCU\PWMoutput.C"
  76  0009  0700     R  	mov a,_PWM_output_2[3]
  76  000A  00BB        	mov [59],a
  76  000B              _L3:
  88  000B              #line 88 "C:\ChipsGarden\醇法\MK8000\MK8000-Power PCB\UART2PWMwith8bitsMCU\UART2PWMwith8bitsMCU\PWMoutput.C"
  88  000B  0700     R  	mov a,_PWM_output_2[0]
  88  000C  0500     R  	or a,_PWM_output_2[1]
  88  000D  390A        	snz z
  88  000E  2800     R  	jmp _L4
  91  000F              #line 91 "C:\ChipsGarden\醇法\MK8000\MK8000-Power PCB\UART2PWMwith8bitsMCU\UART2PWMwith8bitsMCU\PWMoutput.C"
  91  000F  0F01        	mov a,1
  91  0010  00BC        	mov [60],a
  92  0011              #line 92 "C:\ChipsGarden\醇法\MK8000\MK8000-Power PCB\UART2PWMwith8bitsMCU\UART2PWMwith8bitsMCU\PWMoutput.C"
  92  0011  1F3D        	clr [61]
  92  0012  2800     R  	jmp _L1
  92  0013              _L4:
  97  0013              #line 97 "C:\ChipsGarden\醇法\MK8000\MK8000-Power PCB\UART2PWMwith8bitsMCU\UART2PWMwith8bitsMCU\PWMoutput.C"
  97  0013  0700     R  	mov a,_PWM_output_2[0]
  97  0014  00BC        	mov [60],a
  98  0015              #line 98 "C:\ChipsGarden\醇法\MK8000\MK8000-Power PCB\UART2PWMwith8bitsMCU\UART2PWMwith8bitsMCU\PWMoutput.C"
  98  0015  0700     R  	mov a,_PWM_output_2[1]
  98  0016  00BD        	mov [61],a
  98  0017              _L1:
  98  0017  0003        	ret
  98  0018              _PWM_output endp
  98  0018              #line 98 "C:\ChipsGarden\醇法\MK8000\MK8000-Power PCB\UART2PWMwith8bitsMCU\UART2PWMwith8bitsMCU\PWMoutput.C"
  98  0018              #pragma debug scope 1 1
  98  0018              ___tm1c0 equ [54]
  98  0018              ___tm1c1 equ [55]
  98  0018              ___tmpc equ [25]
  98  0018              public _PWM_init
"File: PWMoutput.C   Assembler  Version HGASM0202      Page 3

  98  0018              #pragma debug scope 3 1
 109  0018              #line 109 "C:\ChipsGarden\醇法\MK8000\MK8000-Power PCB\UART2PWMwith8bitsMCU\UART2PWMwith8bitsMCU\PWMoutput.C"
 109  0000              _PWM_init .section 'code'
 109  0000              _PWM_init proc
 125  0000              #line 125 "C:\ChipsGarden\醇法\MK8000\MK8000-Power PCB\UART2PWMwith8bitsMCU\UART2PWMwith8bitsMCU\PWMoutput.C"
 125  0000  0F10        	mov a,16
 125  0001  00B6        	mov [54],a
 126  0002              #line 126 "C:\ChipsGarden\醇法\MK8000\MK8000-Power PCB\UART2PWMwith8bitsMCU\UART2PWMwith8bitsMCU\PWMoutput.C"
 126  0002  0FA8        	mov a,168
 126  0003  00B7        	mov [55],a
 127  0004              #line 127 "C:\ChipsGarden\醇法\MK8000\MK8000-Power PCB\UART2PWMwith8bitsMCU\UART2PWMwith8bitsMCU\PWMoutput.C"
 127  0004  0F0C        	mov a,12
 127  0005  00BA        	mov [58],a
 128  0006              #line 128 "C:\ChipsGarden\醇法\MK8000\MK8000-Power PCB\UART2PWMwith8bitsMCU\UART2PWMwith8bitsMCU\PWMoutput.C"
 128  0006  1F3B        	clr [59]
 129  0007              #line 129 "C:\ChipsGarden\醇法\MK8000\MK8000-Power PCB\UART2PWMwith8bitsMCU\UART2PWMwith8bitsMCU\PWMoutput.C"
 129  0007  0F30        	mov a,48
 129  0008  00BC        	mov [60],a
 130  0009              #line 130 "C:\ChipsGarden\醇法\MK8000\MK8000-Power PCB\UART2PWMwith8bitsMCU\UART2PWMwith8bitsMCU\PWMoutput.C"
 130  0009  1F3D        	clr [61]
 134  000A              #line 134 "C:\ChipsGarden\醇法\MK8000\MK8000-Power PCB\UART2PWMwith8bitsMCU\UART2PWMwith8bitsMCU\PWMoutput.C"
 134  000A  31B6        	set [54].3
 135  000B              #line 135 "C:\ChipsGarden\醇法\MK8000\MK8000-Power PCB\UART2PWMwith8bitsMCU\UART2PWMwith8bitsMCU\PWMoutput.C"
 135  000B  3099        	set [25].1
 135  000C  0003        	ret
 135  000D              _PWM_init endp
 135  000D              #line 135 "C:\ChipsGarden\醇法\MK8000\MK8000-Power PCB\UART2PWMwith8bitsMCU\UART2PWMwith8bitsMCU\PWMoutput.C"
 135  000D              #pragma debug scope 1 1
 135  000D              public _PWM_output_test
 135  000D              #pragma debug scope 4 1
 158  000D              #line 158 "C:\ChipsGarden\醇法\MK8000\MK8000-Power PCB\UART2PWMwith8bitsMCU\UART2PWMwith8bitsMCU\PWMoutput.C"
 158  0000              _PWM_output_test .section 'code'
 158  0000              _PWM_output_test proc
 159  0000              #line 159 "C:\ChipsGarden\醇法\MK8000\MK8000-Power PCB\UART2PWMwith8bitsMCU\UART2PWMwith8bitsMCU\PWMoutput.C"
 159  0000  2000     R  	call _PWM_init
 168  0001              #line 168 "C:\ChipsGarden\醇法\MK8000\MK8000-Power PCB\UART2PWMwith8bitsMCU\UART2PWMwith8bitsMCU\PWMoutput.C"
 168  0001  0FF4        	mov a,-12
 168  0002  0080     R  	mov _wPWMPeriod[0],a
 168  0003  1F00     R  	clr _wPWMPeriod[1]
 169  0004              #line 169 "C:\ChipsGarden\醇法\MK8000\MK8000-Power PCB\UART2PWMwith8bitsMCU\UART2PWMwith8bitsMCU\PWMoutput.C"
 169  0004  0F7A        	mov a,122
 169  0005  0080     R  	mov _wPWMDuty[0],a
 169  0006  1F00     R  	clr _wPWMDuty[1]
 169  0007              #pragma debug scope 5 4
 169  0007              ;begin block, line: 169.-1
 169  0007              #pragma debug scope 6 5
 169  0007              ;begin block, line: 169.-1
  75  0007              #line 75 "C:\ChipsGarden\醇法\MK8000\MK8000-Power PCB\UART2PWMwith8bitsMCU\UART2PWMwith8bitsMCU\PWMoutput.C"
  75  0007  0F7A        	mov a,122
  75  0008  00BA        	mov [58],a
  76  0009              #line 76 "C:\ChipsGarden\醇法\MK8000\MK8000-Power PCB\UART2PWMwith8bitsMCU\UART2PWMwith8bitsMCU\PWMoutput.C"
  76  0009  1F3B        	clr [59]
  97  000A              #line 97 "C:\ChipsGarden\醇法\MK8000\MK8000-Power PCB\UART2PWMwith8bitsMCU\UART2PWMwith8bitsMCU\PWMoutput.C"
  97  000A  0FF4        	mov a,244
  97  000B  00BC        	mov [60],a
  98  000C              #line 98 "C:\ChipsGarden\醇法\MK8000\MK8000-Power PCB\UART2PWMwith8bitsMCU\UART2PWMwith8bitsMCU\PWMoutput.C"
  98  000C  1F3D        	clr [61]
  98  000D              #pragma debug scope 5 4
  98  000D              #pragma debug scope 4 1
  98  000D  0003        	ret
"File: PWMoutput.C   Assembler  Version HGASM0202      Page 4

  98  000E              _PWM_output_test endp
  98  000E              #line 98 "C:\ChipsGarden\醇法\MK8000\MK8000-Power PCB\UART2PWMwith8bitsMCU\UART2PWMwith8bitsMCU\PWMoutput.C"
  98  000E              #pragma debug scope 1 1
  16  000E              #line 16 "C:\ChipsGarden\醇法\MK8000\MK8000-Power PCB\UART2PWMwith8bitsMCU\UART2PWMwith8bitsMCU\PWMoutput.C"
  16  000E              public _wPWMDuty
  16  0000              @HCCINIT0 .section 'data'
  16  0000  0002[       _wPWMDuty	db 2 dup(0)
            00
            ]
  16  0002              #pragma debug variable 12 1 _wPWMDuty "wPWMDuty"
  16  0002              
  16  0000              @HCCINIT .section 'data'
  16  0000              #line 16 "C:\ChipsGarden\醇法\MK8000\MK8000-Power PCB\UART2PWMwith8bitsMCU\UART2PWMwith8bitsMCU\PWMoutput.C"
  16  0000              public _wPWMPeriod
  16  0002              @HCCINIT0 .section 'data'
  16  0002  0002[       _wPWMPeriod	db 2 dup(0)
            00
            ]
  16  0004              #pragma debug variable 12 1 _wPWMPeriod "wPWMPeriod"
  16  0004              
  16  0000              @HCCINIT .section 'data'
  16  0000              #pragma debug struct_end
  16  0000              #pragma debug struct_end
  16  0000              #pragma debug union_end
  16  0000              #pragma debug union_end
  16  0000              #pragma debug variable 43 1 ___tmpc "__tmpc" 1
  16  0000              #pragma debug struct_end
  16  0000              #pragma debug struct_end
  16  0000              #pragma debug union_end
  16  0000              #pragma debug union_end
  16  0000              #pragma debug variable 45 1 ___tm1c0 "__tm1c0" 1
  16  0000              #pragma debug struct_end
  16  0000              #pragma debug struct_end
  16  0000              #pragma debug union_end
  16  0000              #pragma debug union_end
  16  0000              #pragma debug variable 47 1 ___tm1c1 "__tm1c1" 1
  16  0000              #pragma debug variable 8 1 ___tm1al "__tm1al" 1
  16  0000              #pragma debug variable 8 1 ___tm1ah "__tm1ah" 1
  16  0000              #pragma debug variable 8 1 ___tm1rpl "__tm1rpl" 1
  16  0000              #pragma debug variable 8 1 ___tm1rph "__tm1rph" 1
  16  0000              
  16  0000              ; 
  16  0000              ; Generated by holtek-gcc v3.19, Sat Jul 25 21:11:05 2020
  16  0000              ; Rebuild 718
  16  0000              ; end of file


        0 Errors, 0