"File: Uart.c        Assembler  Version HGASM0202      Page 1


   1  0000              ; Generated by holtek-gcc v3.19, Wed Dec 02 18:44:51 2020
   2  0000              ; 
   3  0000              ; Configuration:
   4  0000              ;       without long instruction
   5  0000              ;       Single ROM, Multi-RAM
   6  0000              ;       bits_per_rom_unit:16
   7  0000              ;       with mp1
   8  0000              ;       with tbhp, address(0x9)
   9  0000              ;          Use tabrd-const
  10  0000              ;       
  11  0000              ;       
  12  0000              ;       
  13  0000              ; use 'tabrdc' instead of 'tabrd'
  14  0000              ;       
  15  0000              
  16  0000              #pragma translator "holtek-gcc 4.6.4" "3.19" "build 20130711"
  17  0000              ; Rebuild 718
  18  0000              
  19  0000              ir equ [2]
  20  0000              mp equ [3]
  21  0000              sbp equ [1]
  22  0000              acc equ [5]
  23  0000              bp equ [4]
  24  0000              tblp equ [7]
  25  0000              tbhp equ [9]
  26  0000              status equ [10]
  27  0000              c equ [10].0
  28  0000              ac equ [10].1
  29  0000              z equ [10].2
  30  0000              ov equ [10].3
  31  0000              intc equ [11]
  32  0000              
  33  0000              extern ra:byte
  34  0000              extern rb:byte
  35  0000              extern rc:byte
  36  0000              extern rd:byte
  37  0000              extern re:byte
  38  0000              extern rf:byte
  39  0000              extern rg:byte
  40  0000              extern rh:byte
  41  0000              extern _Crom2Prom:near
  42  0000              extern _Crom2PromNext:near
  43  0000              
  44  0000              RAMBANK 0 @HCCINIT, @HCCINIT0
  45  0000              
  46  0000              RAMBANK 0 @BITDATASEC, @BITDATASEC1
  47  0000              @HCCINIT	.section 'data'
  48  0000              @HCCINIT0	.section 'data'
  49  0000              @BITDATASEC	 .section 'data'
  50  0000              @BITDATASEC1	 .section 'data'
  51  0000              
  52  0000              #pragma debug scope 1 1
  53  0000              	extern __DELAY3:near
  54  0000              	extern __DELAYX3:near
  55  0000              	extern __DELAYX6:near
  56  0000              	extern __DELAYY5:near
  57  0000              	extern __DELAYY3:near
  58  0000              	extern _builtin_holtek_delay_2:byte
  59  0000              ___pcc equ [65]
"File: Uart.ASM      Assembler  Version HGASM0202      Page 2

  60  0000              ___pc equ [64]
  61  0000              ___pcpu equ [66]
  62  0000              ___ucr1 equ [69]
  63  0000              ___ucr2 equ [70]
  64  0000              ___brg equ [71]
  65  0000              ___intc2 equ [16]
  66  0000              public _Uart_Init
  67  0000              #pragma debug scope 2 1

  51  0000              #line 51 "C:\ChipsGarden\醇法\MK8000\MK8000-Power PCB\UART2PWMwith8bitsMCU\UART2PWMwith8bitsMCU\Uart.c"
  51  0000              _Uart_Init .section 'code'
  51  0000              _Uart_Init proc
  52  0000              #line 52 "C:\ChipsGarden\醇法\MK8000\MK8000-Power PCB\UART2PWMwith8bitsMCU\UART2PWMwith8bitsMCU\Uart.c"
  52  0000  3541        	clr [65].2
  53  0001              #line 53 "C:\ChipsGarden\醇法\MK8000\MK8000-Power PCB\UART2PWMwith8bitsMCU\UART2PWMwith8bitsMCU\Uart.c"
  53  0001  3540        	clr [64].2
  55  0002              #line 55 "C:\ChipsGarden\醇法\MK8000\MK8000-Power PCB\UART2PWMwith8bitsMCU\UART2PWMwith8bitsMCU\Uart.c"
  55  0002  35C1        	clr [65].3
  56  0003              #line 56 "C:\ChipsGarden\醇法\MK8000\MK8000-Power PCB\UART2PWMwith8bitsMCU\UART2PWMwith8bitsMCU\Uart.c"
  56  0003  3241        	set [65].4
  57  0004              #line 57 "C:\ChipsGarden\醇法\MK8000\MK8000-Power PCB\UART2PWMwith8bitsMCU\UART2PWMwith8bitsMCU\Uart.c"
  57  0004  31C0        	set [64].3
  58  0005              #line 58 "C:\ChipsGarden\醇法\MK8000\MK8000-Power PCB\UART2PWMwith8bitsMCU\UART2PWMwith8bitsMCU\Uart.c"
  58  0005  3240        	set [64].4
  59  0006              #line 59 "C:\ChipsGarden\醇法\MK8000\MK8000-Power PCB\UART2PWMwith8bitsMCU\UART2PWMwith8bitsMCU\Uart.c"
  59  0006  31C2        	set [66].3
  60  0007              #line 60 "C:\ChipsGarden\醇法\MK8000\MK8000-Power PCB\UART2PWMwith8bitsMCU\UART2PWMwith8bitsMCU\Uart.c"
  60  0007  3242        	set [66].4
  62  0008              #line 62 "C:\ChipsGarden\醇法\MK8000\MK8000-Power PCB\UART2PWMwith8bitsMCU\UART2PWMwith8bitsMCU\Uart.c"
  62  0008  0F80        	mov a,128
  62  0009  00C5        	mov [69],a
  63  000A              #line 63 "C:\ChipsGarden\醇法\MK8000\MK8000-Power PCB\UART2PWMwith8bitsMCU\UART2PWMwith8bitsMCU\Uart.c"
  63  000A  0FE5        	mov a,229
  63  000B  00C6        	mov [70],a
  64  000C              #line 64 "C:\ChipsGarden\醇法\MK8000\MK8000-Power PCB\UART2PWMwith8bitsMCU\UART2PWMwith8bitsMCU\Uart.c"
  64  000C  3146        	set [70].2
  66  000D              #line 66 "C:\ChipsGarden\醇法\MK8000\MK8000-Power PCB\UART2PWMwith8bitsMCU\UART2PWMwith8bitsMCU\Uart.c"
  66  000D  0F33        	mov a,51
  66  000E  00C7        	mov [71],a
  70  000F              #line 70 "C:\ChipsGarden\醇法\MK8000\MK8000-Power PCB\UART2PWMwith8bitsMCU\UART2PWMwith8bitsMCU\Uart.c"
  70  000F  1F00     R  	clr _rx_guide[0]
  71  0010              #line 71 "C:\ChipsGarden\醇法\MK8000\MK8000-Power PCB\UART2PWMwith8bitsMCU\UART2PWMwith8bitsMCU\Uart.c"
  71  0010  1F00     R  	clr _tx_guide[0]
  72  0011              #line 72 "C:\ChipsGarden\醇法\MK8000\MK8000-Power PCB\UART2PWMwith8bitsMCU\UART2PWMwith8bitsMCU\Uart.c"
  72  0011  3190        	set [16].3
  72  0012  0003        	ret
  72  0013              _Uart_Init endp
  72  0013              #line 72 "C:\ChipsGarden\醇法\MK8000\MK8000-Power PCB\UART2PWMwith8bitsMCU\UART2PWMwith8bitsMCU\Uart.c"
  72  0013              #pragma debug scope 1 1
  72  0013              public _Uart_off
  72  0013              #pragma debug scope 3 1
  81  0013              #line 81 "C:\ChipsGarden\醇法\MK8000\MK8000-Power PCB\UART2PWMwith8bitsMCU\UART2PWMwith8bitsMCU\Uart.c"
  81  0000              _Uart_off .section 'code'
  81  0000              _Uart_off proc
  82  0000              #line 82 "C:\ChipsGarden\醇法\MK8000\MK8000-Power PCB\UART2PWMwith8bitsMCU\UART2PWMwith8bitsMCU\Uart.c"
  82  0000  3546        	clr [70].2
  87  0001              #line 87 "C:\ChipsGarden\醇法\MK8000\MK8000-Power PCB\UART2PWMwith8bitsMCU\UART2PWMwith8bitsMCU\Uart.c"
  87  0001  31C0        	set [64].3
  88  0002              #line 88 "C:\ChipsGarden\醇法\MK8000\MK8000-Power PCB\UART2PWMwith8bitsMCU\UART2PWMwith8bitsMCU\Uart.c"
  88  0002  3241        	set [65].4
"File: Uart.c        Assembler  Version HGASM0202      Page 3

  88  0003  0003        	ret
  88  0004              _Uart_off endp
  88  0004              #line 88 "C:\ChipsGarden\醇法\MK8000\MK8000-Power PCB\UART2PWMwith8bitsMCU\UART2PWMwith8bitsMCU\Uart.c"
  88  0004              #pragma debug scope 1 1
  88  0004              ___usr equ [68]
  88  0004              ___acc equ [5]
  88  0004              ___txr_rxr equ [72]
  88  0004              public _UART_ISR
  88  0004              #pragma debug scope 4 1
  98  0004              #line 98 "C:\ChipsGarden\醇法\MK8000\MK8000-Power PCB\UART2PWMwith8bitsMCU\UART2PWMwith8bitsMCU\Uart.c"
  98  0000              @UART_ISR_code .section at 44 'code'
  98  0000  0080     E  	mov r1,a
  98  0001  070A        	mov a,status
  98  0002  0080     E  	mov r2,a
  98  0003  2800     R  	jmp _UART_ISR
  98  0004              #pragma debug scope 1 1
  98  0004              @dummy44 endp
  98  0004              #pragma debug scope 5 1
  98  0000              _UART_ISR .section 'code'
  98  0000              _UART_ISR proc
  98  0000  0704        	mov a,bp
  98  0001  0080     E  	mov r3,a
  98  0002  0703        	mov a,mp
  98  0003  0080     E  	mov r4,a
  98  0004  0701        	mov a,sbp
  98  0005  0080     E  	mov r5,a
  98  0006  0707        	mov a,tblp
  98  0007  0080     E  	mov r6,a
  98  0008  0709        	mov a,tbhp
  98  0009  0080     E  	mov r7,a
 100  000A              #line 100 "C:\ChipsGarden\醇法\MK8000\MK8000-Power PCB\UART2PWMwith8bitsMCU\UART2PWMwith8bitsMCU\Uart.c"
 100  000A  3FC4        	sz [68].7
 100  000B  2800     R  	jmp _L4
 100  000C              #line 100 "C:\ChipsGarden\醇法\MK8000\MK8000-Power PCB\UART2PWMwith8bitsMCU\UART2PWMwith8bitsMCU\Uart.c"
 100  000C  3F44        	sz [68].6
 100  000D  2800     R  	jmp _L4
 100  000E  3EC4        	sz [68].5
 100  000F  2800     R  	jmp _L4
 100  0010  3A44        	snz [68].4
 100  0011  2800     R  	jmp _L5
 100  0012              _L4:
 102  0012              #line 102 "C:\ChipsGarden\醇法\MK8000\MK8000-Power PCB\UART2PWMwith8bitsMCU\UART2PWMwith8bitsMCU\Uart.c"
 102  0012  0744        	mov a,[68]
 102  0013  0085        	mov [5],a
 103  0014              #line 103 "C:\ChipsGarden\醇法\MK8000\MK8000-Power PCB\UART2PWMwith8bitsMCU\UART2PWMwith8bitsMCU\Uart.c"
 103  0014  0748        	mov a,[72]
 103  0015  0085        	mov [5],a
 104  0016              #line 104 "C:\ChipsGarden\醇法\MK8000\MK8000-Power PCB\UART2PWMwith8bitsMCU\UART2PWMwith8bitsMCU\Uart.c"
 104  0016  1F00     R  	clr _rx_guide[0]
 104  0017  2800     R  	jmp _L3
 104  0018              _L5:
 108  0018              #line 108 "C:\ChipsGarden\醇法\MK8000\MK8000-Power PCB\UART2PWMwith8bitsMCU\UART2PWMwith8bitsMCU\Uart.c"
 108  0018  3944        	snz [68].2
 108  0019  2800     R  	jmp _L7
 110  001A              #line 110 "C:\ChipsGarden\醇法\MK8000\MK8000-Power PCB\UART2PWMwith8bitsMCU\UART2PWMwith8bitsMCU\Uart.c"
 110  001A  0700     R  	mov a,_rx_guide[0]
 110  001B  0080     E  	mov ra,a
 110  001C  0F07        	mov a,7
 110  001D  0200     E  	sub a,ra
 110  001E  3C0A        	sz c
"File: Uart.c        Assembler  Version HGASM0202      Page 4

 110  001F  2800     R  	jmp _L8
 112  0020              #line 112 "C:\ChipsGarden\醇法\MK8000\MK8000-Power PCB\UART2PWMwith8bitsMCU\UART2PWMwith8bitsMCU\Uart.c"
 112  0020  0F08        	mov a,8
 112  0021  0080     R  	mov _rx_guide[0],a
 112  0022  2800     R  	jmp _L9
 112  0023              _L8:
 116  0023              #line 116 "C:\ChipsGarden\醇法\MK8000\MK8000-Power PCB\UART2PWMwith8bitsMCU\UART2PWMwith8bitsMCU\Uart.c"
 116  0023  0F00     R  	mov a,low offset _array_uart_rxbuff
 116  0024  0300     E  	add a,ra
 116  0025  0083        	mov mp,a
 116  0026  0F00     R  	mov a,high offset _array_uart_rxbuff
 116  0027  1F01        	clr sbp
 116  0028  1381        	adcm a,sbp
 116  0029  0701        	mov a,sbp
 116  002A  0084        	mov bp,a
 116  002B  0748        	mov a,[72]
 116  002C  0082        	mov ir,a
 117  002D              #line 117 "C:\ChipsGarden\醇法\MK8000\MK8000-Power PCB\UART2PWMwith8bitsMCU\UART2PWMwith8bitsMCU\Uart.c"
 117  002D  1480     E  	inc ra
 117  002E  0700     E  	mov a,ra
 117  002F  0080     R  	mov _rx_guide[0],a
 118  0030              #line 118 "C:\ChipsGarden\醇法\MK8000\MK8000-Power PCB\UART2PWMwith8bitsMCU\UART2PWMwith8bitsMCU\Uart.c"
 118  0030  0700     E  	mov a,ra
 118  0031  0A08        	sub a,8
 118  0032  390A        	snz z
 118  0033  2800     R  	jmp _L9
 118  0034  0700     R  	mov a,_array_uart_rxbuff[7]
 118  0035  0A0A        	sub a,10
 118  0036  390A        	snz z
 118  0037  2800     R  	jmp _L9
 120  0038              #line 120 "C:\ChipsGarden\醇法\MK8000\MK8000-Power PCB\UART2PWMwith8bitsMCU\UART2PWMwith8bitsMCU\Uart.c"
 120  0038  3000     E  	set _interrupt_flag[0].3
 120  0039              _L9:
 128  0039              #line 128 "C:\ChipsGarden\醇法\MK8000\MK8000-Power PCB\UART2PWMwith8bitsMCU\UART2PWMwith8bitsMCU\Uart.c"
 128  0039              ;# 128 "C:\ChipsGarden\醇法\MK8000\MK8000-Power PCB\UART2PWMwith8bitsMCU\UART2PWMwith8bitsMCU\Uart.c" 1
 128  0039  0000        	nop
 128  003A  2800     R  	jmp _L3
 128  003B              _L7:
 132  003B              #line 132 "C:\ChipsGarden\醇法\MK8000\MK8000-Power PCB\UART2PWMwith8bitsMCU\UART2PWMwith8bitsMCU\Uart.c"
 132  003B  3844        	snz [68].0
 132  003C  2800     R  	jmp _L3
 134  003D              #line 134 "C:\ChipsGarden\醇法\MK8000\MK8000-Power PCB\UART2PWMwith8bitsMCU\UART2PWMwith8bitsMCU\Uart.c"
 134  003D  0700     R  	mov a,_tx_guide[0]
 134  003E  0080     E  	mov ra,a
 134  003F  1080     E  	sz ra
 134  0040  2800     R  	jmp _LI1
 134  0041  2800     R  	jmp _L10
 134  0042              _LI1:
 136  0042              #line 136 "C:\ChipsGarden\醇法\MK8000\MK8000-Power PCB\UART2PWMwith8bitsMCU\UART2PWMwith8bitsMCU\Uart.c"
 136  0042  1500     E  	deca ra
 136  0043  0080     R  	mov _tx_guide[0],a
 137  0044              #line 137 "C:\ChipsGarden\醇法\MK8000\MK8000-Power PCB\UART2PWMwith8bitsMCU\UART2PWMwith8bitsMCU\Uart.c"
 137  0044  1400     R  	inca _tx_index[0]
 137  0045  0080     E  	mov ra,a
 137  0046  0700     E  	mov a,ra
 137  0047  0080     R  	mov _tx_index[0],a
 138  0048              #line 138 "C:\ChipsGarden\醇法\MK8000\MK8000-Power PCB\UART2PWMwith8bitsMCU\UART2PWMwith8bitsMCU\Uart.c"
 138  0048  0F00     R  	mov a,low offset _array_uart_txbuff
 138  0049  0300     E  	add a,ra
 138  004A  0083        	mov mp,a
"File: Uart.c        Assembler  Version HGASM0202      Page 5

 138  004B  0F00     R  	mov a,high offset _array_uart_txbuff
 138  004C  1F01        	clr sbp
 138  004D  1381        	adcm a,sbp
 138  004E  2000     E  	call _Crom2Prom
 138  004F  00C8        	mov [72],a
 138  0050  2800     R  	jmp _L3
 138  0051              _L10:
 142  0051              #line 142 "C:\ChipsGarden\醇法\MK8000\MK8000-Power PCB\UART2PWMwith8bitsMCU\UART2PWMwith8bitsMCU\Uart.c"
 142  0051  0FE5        	mov a,229
 142  0052  00C6        	mov [70],a
 145  0053              #line 145 "C:\ChipsGarden\醇法\MK8000\MK8000-Power PCB\UART2PWMwith8bitsMCU\UART2PWMwith8bitsMCU\Uart.c"
 145  0053  1F00     R  	clr _rx_guide[0]
 146  0054              #line 146 "C:\ChipsGarden\醇法\MK8000\MK8000-Power PCB\UART2PWMwith8bitsMCU\UART2PWMwith8bitsMCU\Uart.c"
 146  0054  3540        	clr [64].2
 146  0055              _L3:
 146  0055  0700     E  	mov a,r2
 146  0056  008A        	mov status,a
 146  0057  0700     E  	mov a,r3
 146  0058  0084        	mov bp,a
 146  0059  0700     E  	mov a,r4
 146  005A  0083        	mov mp,a
 146  005B  0700     E  	mov a,r5
 146  005C  0081        	mov sbp,a
 146  005D  0700     E  	mov a,r6
 146  005E  0087        	mov tblp,a
 146  005F  0700     E  	mov a,r7
 146  0060  0089        	mov tbhp,a
 146  0061  1D05        	tabrdc acc
 146  0062  0700     E  	mov a,r1
 146  0063  0004        	reti
 146  0064              _UART_ISR endp
 146  0064              
 146  0064              #line 146 "C:\ChipsGarden\醇法\MK8000\MK8000-Power PCB\UART2PWMwith8bitsMCU\UART2PWMwith8bitsMCU\Uart.c"
 146  0064              #pragma debug scope 1 1
 146  0064              public _calc_crc
 146  0064              #pragma debug scope 6 1
 331  0064              #line 331 "C:\ChipsGarden\醇法\MK8000\MK8000-Power PCB\UART2PWMwith8bitsMCU\UART2PWMwith8bitsMCU\Uart.c"
 331  0000              _calc_crc .section 'code'
 331  0000              _calc_crc proc
 331  0000              public _calc_crc_2
 331  0000  0003[           local _calc_crc_2 db 3 dup(?)	; 3,0
            00
            ]
 331  0003              #pragma debug pointer 42 8 6
 331  0003              #pragma debug pointer 42 8 6
 331  0003              #pragma debug variable 42 6 _calc_crc_2+0 "pointer"
 331  0003              #pragma debug variable 8 6 _calc_crc_2+2 "length"
 333  0003              #line 333 "C:\ChipsGarden\醇法\MK8000\MK8000-Power PCB\UART2PWMwith8bitsMCU\UART2PWMwith8bitsMCU\Uart.c"
 333  0000  1F80     R  	set _reg_crc[0]
 333  0001  1F80     R  	set _reg_crc[1]
 333  0002  0700     R  	mov a,_calc_crc_2[0]
 333  0003  0080     E  	mov rd,a
 333  0004  0700     R  	mov a,_calc_crc_2[1]
 333  0005  0080     E  	mov re,a
 334  0006              #line 334 "C:\ChipsGarden\醇法\MK8000\MK8000-Power PCB\UART2PWMwith8bitsMCU\UART2PWMwith8bitsMCU\Uart.c"
 334  0006  1F00     E  	clr ra
 334  0007              _L16:
 334  0007              #line 334 "C:\ChipsGarden\醇法\MK8000\MK8000-Power PCB\UART2PWMwith8bitsMCU\UART2PWMwith8bitsMCU\Uart.c"
 334  0007  0700     E  	mov a,ra
 334  0008  0200     R  	sub a,_calc_crc_2[2]
"File: Uart.c        Assembler  Version HGASM0202      Page 6

 334  0009  3D0A        	sz z
 334  000A  2800     R  	jmp _L22
 338  000B              #line 338 "C:\ChipsGarden\醇法\MK8000\MK8000-Power PCB\UART2PWMwith8bitsMCU\UART2PWMwith8bitsMCU\Uart.c"
 338  000B  0700     E  	mov a,rd
 338  000C  0083        	mov mp,a
 338  000D  0700     E  	mov a,re
 338  000E  0081        	mov sbp,a
 338  000F  2000     E  	call _Crom2Prom
 338  0010  0080     E  	mov rb,a
 338  0011  1F00     E  	clr rc
 338  0012  0700     R  	mov a,_reg_crc[1]
 338  0013  0480     E  	xorm a,rc
 338  0014  0700     R  	mov a,_reg_crc[0]
 338  0015  0480     E  	xorm a,rb
 338  0016  0F08        	mov a,8
 338  0017  0080     E  	mov rf,a
 338  0018              _L20:
 341  0018              #line 341 "C:\ChipsGarden\醇法\MK8000\MK8000-Power PCB\UART2PWMwith8bitsMCU\UART2PWMwith8bitsMCU\Uart.c"
 341  0018  3800     E  	snz rb.0
 341  0019  2800     R  	jmp _L17
 343  001A              #line 343 "C:\ChipsGarden\醇法\MK8000\MK8000-Power PCB\UART2PWMwith8bitsMCU\UART2PWMwith8bitsMCU\Uart.c"
 343  001A  340A        	clr c
 343  001B  1B80     E  	rrc rc
 343  001C  1B80     E  	rrc rb
 344  001D              #line 344 "C:\ChipsGarden\醇法\MK8000\MK8000-Power PCB\UART2PWMwith8bitsMCU\UART2PWMwith8bitsMCU\Uart.c"
 344  001D  0FA0        	mov a,160
 344  001E  0480     E  	xorm a,rc
 344  001F  0F01        	mov a,1
 344  0020  0480     E  	xorm a,rb
 344  0021  2800     R  	jmp _L18
 344  0022              _L17:
 348  0022              #line 348 "C:\ChipsGarden\醇法\MK8000\MK8000-Power PCB\UART2PWMwith8bitsMCU\UART2PWMwith8bitsMCU\Uart.c"
 348  0022  340A        	clr c
 348  0023  1B80     E  	rrc rc
 348  0024  1B80     E  	rrc rb
 348  0025              _L18:
 348  0025  1780     E  	sdz rf
 348  0026  2800     R  	jmp _L20
 348  0027  0700     E  	mov a,rb
 348  0028  0080     R  	mov _reg_crc[0],a
 348  0029  0700     E  	mov a,rc
 348  002A  0080     R  	mov _reg_crc[1],a
 334  002B              #line 334 "C:\ChipsGarden\醇法\MK8000\MK8000-Power PCB\UART2PWMwith8bitsMCU\UART2PWMwith8bitsMCU\Uart.c"
 334  002B  1480     E  	inc ra
 334  002C  1480     E  	inc rd
 334  002D  3D0A        	sz z
 334  002E  1480     E  	inc re
 334  002F  2800     R  	jmp _L16
 334  0030              _L22:
 354  0030              #line 354 "C:\ChipsGarden\醇法\MK8000\MK8000-Power PCB\UART2PWMwith8bitsMCU\UART2PWMwith8bitsMCU\Uart.c"
 354  0030  0700     R  	mov a,_reg_crc[0]
 354  0031  0080     E  	mov ra,a
 354  0032  0700     R  	mov a,_reg_crc[1]
 354  0033  0080     E  	mov rb,a
 354  0034  0003        	ret
 354  0035              _calc_crc endp
 354  0035              #line 354 "C:\ChipsGarden\醇法\MK8000\MK8000-Power PCB\UART2PWMwith8bitsMCU\UART2PWMwith8bitsMCU\Uart.c"
 354  0035              #pragma debug scope 1 1
 354  0035              public _Uart_TXD_Send
 354  0035              #pragma debug scope 7 1
"File: Uart.c        Assembler  Version HGASM0202      Page 7

 240  0035              #line 240 "C:\ChipsGarden\醇法\MK8000\MK8000-Power PCB\UART2PWMwith8bitsMCU\UART2PWMwith8bitsMCU\Uart.c"
 240  0000              _Uart_TXD_Send .section 'code'
 240  0000              _Uart_TXD_Send proc
 240  0000              public _Uart_TXD_Send_2
 240  0000  0002[           local _Uart_TXD_Send_2 db 2 dup(?)	; 2,0
            00
            ]
 240  0002              #pragma debug variable 12 7 _Uart_TXD_Send_2+0 "tx_data"
 241  0002              #line 241 "C:\ChipsGarden\醇法\MK8000\MK8000-Power PCB\UART2PWMwith8bitsMCU\UART2PWMwith8bitsMCU\Uart.c"
 241  0000  0F09        	mov a,9
 241  0001  0080     R  	mov _tx_guide[0],a
 242  0002              #line 242 "C:\ChipsGarden\醇法\MK8000\MK8000-Power PCB\UART2PWMwith8bitsMCU\UART2PWMwith8bitsMCU\Uart.c"
 242  0002  1F00     R  	clr _tx_index[0]
 243  0003              #line 243 "C:\ChipsGarden\醇法\MK8000\MK8000-Power PCB\UART2PWMwith8bitsMCU\UART2PWMwith8bitsMCU\Uart.c"
 243  0003  3140        	set [64].2
 247  0004              #line 247 "C:\ChipsGarden\醇法\MK8000\MK8000-Power PCB\UART2PWMwith8bitsMCU\UART2PWMwith8bitsMCU\Uart.c"
 247  0004  0F44        	mov a,68
 247  0005  0080     R  	mov _array_uart_txbuff[0],a
 248  0006              #line 248 "C:\ChipsGarden\醇法\MK8000\MK8000-Power PCB\UART2PWMwith8bitsMCU\UART2PWMwith8bitsMCU\Uart.c"
 248  0006  0F01        	mov a,1
 248  0007  0080     R  	mov _array_uart_txbuff[1],a
 249  0008              #line 249 "C:\ChipsGarden\醇法\MK8000\MK8000-Power PCB\UART2PWMwith8bitsMCU\UART2PWMwith8bitsMCU\Uart.c"
 249  0008  0F04        	mov a,4
 249  0009  0080     R  	mov _array_uart_txbuff[2],a
 250  000A              #line 250 "C:\ChipsGarden\醇法\MK8000\MK8000-Power PCB\UART2PWMwith8bitsMCU\UART2PWMwith8bitsMCU\Uart.c"
 250  000A  0700     R  	mov a,_Uart_TXD_Send_2[0]
 250  000B  0080     E  	mov rb,a
 250  000C  0700     R  	mov a,_Uart_TXD_Send_2[1]
 250  000D  0080     E  	mov rc,a
 250  000E  0700     E  	mov a,rc
 250  000F  0080     E  	mov rb,a
 250  0010  1F00     E  	clr rc
 250  0011  0700     E  	mov a,rb
 250  0012  0080     R  	mov _array_uart_txbuff[3],a
 251  0013              #line 251 "C:\ChipsGarden\醇法\MK8000\MK8000-Power PCB\UART2PWMwith8bitsMCU\UART2PWMwith8bitsMCU\Uart.c"
 251  0013  0700     R  	mov a,_Uart_TXD_Send_2[0]
 251  0014  0080     E  	mov ra,a
 251  0015  0700     E  	mov a,ra
 251  0016  0080     R  	mov _array_uart_txbuff[4],a
 252  0017              #line 252 "C:\ChipsGarden\醇法\MK8000\MK8000-Power PCB\UART2PWMwith8bitsMCU\UART2PWMwith8bitsMCU\Uart.c"
 252  0017  0700     E  	mov a,rb
 252  0018  0080     R  	mov _array_uart_txbuff[5],a
 253  0019              #line 253 "C:\ChipsGarden\醇法\MK8000\MK8000-Power PCB\UART2PWMwith8bitsMCU\UART2PWMwith8bitsMCU\Uart.c"
 253  0019  0700     E  	mov a,ra
 253  001A  0080     R  	mov _array_uart_txbuff[6],a
 255  001B              #line 255 "C:\ChipsGarden\醇法\MK8000\MK8000-Power PCB\UART2PWMwith8bitsMCU\UART2PWMwith8bitsMCU\Uart.c"
 255  001B  0F07        	mov a,7
 255  001C  0080     R  	mov _calc_crc_2[2],a
 255  001D  0F00     R  	mov a,low offset _array_uart_txbuff
 255  001E  0080     R  	mov _calc_crc_2[0],a
 255  001F  0F00     R  	mov a,high offset _array_uart_txbuff
 255  0020  0080     R  	mov _calc_crc_2[1],a
 255  0021  2000     R  	call _calc_crc
 257  0022              #line 257 "C:\ChipsGarden\醇法\MK8000\MK8000-Power PCB\UART2PWMwith8bitsMCU\UART2PWMwith8bitsMCU\Uart.c"
 257  0022  0700     R  	mov a,_reg_crc[0]
 257  0023  0080     R  	mov _array_uart_txbuff[7],a
 258  0024              #line 258 "C:\ChipsGarden\醇法\MK8000\MK8000-Power PCB\UART2PWMwith8bitsMCU\UART2PWMwith8bitsMCU\Uart.c"
 258  0024  0700     R  	mov a,_reg_crc[1]
 258  0025  0080     R  	mov _array_uart_txbuff[8],a
 260  0026              #line 260 "C:\ChipsGarden\醇法\MK8000\MK8000-Power PCB\UART2PWMwith8bitsMCU\UART2PWMwith8bitsMCU\Uart.c"
"File: Uart.c        Assembler  Version HGASM0202      Page 8

 260  0026  0700     R  	mov a,_array_uart_txbuff[0]
 260  0027  00C8        	mov [72],a
 261  0028              #line 261 "C:\ChipsGarden\醇法\MK8000\MK8000-Power PCB\UART2PWMwith8bitsMCU\UART2PWMwith8bitsMCU\Uart.c"
 261  0028  1580     R  	dec _tx_guide[0]
 261  0029  0003        	ret
 261  002A              _Uart_TXD_Send endp
 261  002A              #line 261 "C:\ChipsGarden\醇法\MK8000\MK8000-Power PCB\UART2PWMwith8bitsMCU\UART2PWMwith8bitsMCU\Uart.c"
 261  002A              #pragma debug scope 1 1
 261  002A              public _Buffer_Send06
 261  002A              #pragma debug scope 8 1
 269  002A              #line 269 "C:\ChipsGarden\醇法\MK8000\MK8000-Power PCB\UART2PWMwith8bitsMCU\UART2PWMwith8bitsMCU\Uart.c"
 269  0000              _Buffer_Send06 .section 'code'
 269  0000              _Buffer_Send06 proc
 269  0000  00              local _Buffer_Send06_2 db 1 dup(?)	; 0,1
 269  0000  0080     E  	mov ra,a
 269  0001  0080     R  	mov _Buffer_Send06_2[0],a
 269  0002              #pragma debug variable 8 8 _Buffer_Send06_2+0 "count"
 271  0002              #line 271 "C:\ChipsGarden\醇法\MK8000\MK8000-Power PCB\UART2PWMwith8bitsMCU\UART2PWMwith8bitsMCU\Uart.c"
 271  0002  0F0C        	mov a,12
 271  0003  0200     E  	sub a,ra
 271  0004  380A        	snz c
 271  0005  2800     R  	jmp _L24
 271  0006              #pragma debug scope 9 8
 271  0006              ;begin block, line: 271.-1
 271  0006              #pragma debug scope 10 9
 271  0006              ;begin block, line: 271.-1
 276  0006              #line 276 "C:\ChipsGarden\醇法\MK8000\MK8000-Power PCB\UART2PWMwith8bitsMCU\UART2PWMwith8bitsMCU\Uart.c"
 276  0006  0700     E  	mov a,ra
 276  0007  0B04        	add a,4
 276  0008  0080     R  	mov _tx_guide[0],a
 277  0009              #line 277 "C:\ChipsGarden\醇法\MK8000\MK8000-Power PCB\UART2PWMwith8bitsMCU\UART2PWMwith8bitsMCU\Uart.c"
 277  0009  1F00     R  	clr _tx_index[0]
 278  000A              #line 278 "C:\ChipsGarden\醇法\MK8000\MK8000-Power PCB\UART2PWMwith8bitsMCU\UART2PWMwith8bitsMCU\Uart.c"
 278  000A  3140        	set [64].2
 282  000B              #line 282 "C:\ChipsGarden\醇法\MK8000\MK8000-Power PCB\UART2PWMwith8bitsMCU\UART2PWMwith8bitsMCU\Uart.c"
 282  000B  0F44        	mov a,68
 282  000C  0080     R  	mov _array_uart_txbuff[0],a
 283  000D              #line 283 "C:\ChipsGarden\醇法\MK8000\MK8000-Power PCB\UART2PWMwith8bitsMCU\UART2PWMwith8bitsMCU\Uart.c"
 283  000D  0700     R  	mov a,_array_uart_rxbuff[1]
 283  000E  0080     R  	mov _array_uart_txbuff[1],a
 286  000F              #line 286 "C:\ChipsGarden\醇法\MK8000\MK8000-Power PCB\UART2PWMwith8bitsMCU\UART2PWMwith8bitsMCU\Uart.c"
 286  000F  0700     E  	mov a,ra
 286  0010  0B02        	add a,2
 286  0011  0080     R  	mov _calc_crc_2[2],a
 286  0012  0F00     R  	mov a,low offset _array_uart_txbuff
 286  0013  0080     R  	mov _calc_crc_2[0],a
 286  0014  0F00     R  	mov a,high offset _array_uart_txbuff
 286  0015  0080     R  	mov _calc_crc_2[1],a
 286  0016  2000     R  	call _calc_crc
 288  0017              #line 288 "C:\ChipsGarden\醇法\MK8000\MK8000-Power PCB\UART2PWMwith8bitsMCU\UART2PWMwith8bitsMCU\Uart.c"
 288  0017  0700     R  	mov a,_Buffer_Send06_2[0]
 288  0018  0080     E  	mov rb,a
 288  0019  1F00     E  	clr rc
 288  001A  0700     R  	mov a,_reg_crc[1]
 288  001B  0080     E  	mov ra,a
 288  001C  0F00     R  	mov a,low (offset _array_uart_txbuff+2)
 288  001D  0300     E  	add a,rb
 288  001E  0083        	mov mp,a
 288  001F  0F00     R  	mov a,high (offset _array_uart_txbuff+2)
 288  0020  1300     E  	adc a,rc
"File: Uart.c        Assembler  Version HGASM0202      Page 9

 288  0021  0081        	mov sbp,a
 288  0022  0701        	mov a,sbp
 288  0023  0084        	mov bp,a
 288  0024  0700     R  	mov a,_reg_crc[0]
 288  0025  0082        	mov ir,a
 289  0026              #line 289 "C:\ChipsGarden\醇法\MK8000\MK8000-Power PCB\UART2PWMwith8bitsMCU\UART2PWMwith8bitsMCU\Uart.c"
 289  0026  0F00     R  	mov a,low (offset _array_uart_txbuff+3)
 289  0027  0300     E  	add a,rb
 289  0028  0083        	mov mp,a
 289  0029  0F00     R  	mov a,high (offset _array_uart_txbuff+3)
 289  002A  1300     E  	adc a,rc
 289  002B  0081        	mov sbp,a
 289  002C  0701        	mov a,sbp
 289  002D  0084        	mov bp,a
 289  002E  0700     E  	mov a,ra
 289  002F  0082        	mov ir,a
 291  0030              #line 291 "C:\ChipsGarden\醇法\MK8000\MK8000-Power PCB\UART2PWMwith8bitsMCU\UART2PWMwith8bitsMCU\Uart.c"
 291  0030  0700     R  	mov a,_array_uart_txbuff[0]
 291  0031  00C8        	mov [72],a
 292  0032              #line 292 "C:\ChipsGarden\醇法\MK8000\MK8000-Power PCB\UART2PWMwith8bitsMCU\UART2PWMwith8bitsMCU\Uart.c"
 292  0032  1580     R  	dec _tx_guide[0]
 292  0033              _L24:
 292  0033              #pragma debug scope 9 8
 292  0033              #pragma debug scope 8 1
 292  0033  0003        	ret
 292  0034              _Buffer_Send06 endp
 292  0034              #line 292 "C:\ChipsGarden\醇法\MK8000\MK8000-Power PCB\UART2PWMwith8bitsMCU\UART2PWMwith8bitsMCU\Uart.c"
 292  0034              #pragma debug scope 1 1
 292  0034              public _Buffer_Send03
 292  0034              #pragma debug scope 11 1
 300  0034              #line 300 "C:\ChipsGarden\醇法\MK8000\MK8000-Power PCB\UART2PWMwith8bitsMCU\UART2PWMwith8bitsMCU\Uart.c"
 300  0000              _Buffer_Send03 .section 'code'
 300  0000              _Buffer_Send03 proc
 300  0000  00              local _Buffer_Send03_2 db 1 dup(?)	; 0,1
 300  0000  0080     E  	mov ra,a
 300  0001  0080     R  	mov _Buffer_Send03_2[0],a
 300  0002              #pragma debug variable 8 11 _Buffer_Send03_2+0 "count"
 302  0002              #line 302 "C:\ChipsGarden\醇法\MK8000\MK8000-Power PCB\UART2PWMwith8bitsMCU\UART2PWMwith8bitsMCU\Uart.c"
 302  0002  0F0B        	mov a,11
 302  0003  0200     E  	sub a,ra
 302  0004  380A        	snz c
 302  0005  2800     R  	jmp _L26
 307  0006              #line 307 "C:\ChipsGarden\醇法\MK8000\MK8000-Power PCB\UART2PWMwith8bitsMCU\UART2PWMwith8bitsMCU\Uart.c"
 307  0006  0700     E  	mov a,ra
 307  0007  0B05        	add a,5
 307  0008  0080     R  	mov _tx_guide[0],a
 308  0009              #line 308 "C:\ChipsGarden\醇法\MK8000\MK8000-Power PCB\UART2PWMwith8bitsMCU\UART2PWMwith8bitsMCU\Uart.c"
 308  0009  1F00     R  	clr _tx_index[0]
 309  000A              #line 309 "C:\ChipsGarden\醇法\MK8000\MK8000-Power PCB\UART2PWMwith8bitsMCU\UART2PWMwith8bitsMCU\Uart.c"
 309  000A  3140        	set [64].2
 313  000B              #line 313 "C:\ChipsGarden\醇法\MK8000\MK8000-Power PCB\UART2PWMwith8bitsMCU\UART2PWMwith8bitsMCU\Uart.c"
 313  000B  0F44        	mov a,68
 313  000C  0080     R  	mov _array_uart_txbuff[0],a
 314  000D              #line 314 "C:\ChipsGarden\醇法\MK8000\MK8000-Power PCB\UART2PWMwith8bitsMCU\UART2PWMwith8bitsMCU\Uart.c"
 314  000D  0700     R  	mov a,_array_uart_rxbuff[1]
 314  000E  0080     R  	mov _array_uart_txbuff[1],a
 315  000F              #line 315 "C:\ChipsGarden\醇法\MK8000\MK8000-Power PCB\UART2PWMwith8bitsMCU\UART2PWMwith8bitsMCU\Uart.c"
 315  000F  0700     R  	mov a,_Buffer_Send03_2[0]
 315  0010  0080     R  	mov _array_uart_txbuff[2],a
 317  0011              #line 317 "C:\ChipsGarden\醇法\MK8000\MK8000-Power PCB\UART2PWMwith8bitsMCU\UART2PWMwith8bitsMCU\Uart.c"
"File: Uart.c        Assembler  Version HGASM0202      Page 10

 317  0011  0700     E  	mov a,ra
 317  0012  0B03        	add a,3
 317  0013  0080     R  	mov _calc_crc_2[2],a
 317  0014  0F00     R  	mov a,low offset _array_uart_txbuff
 317  0015  0080     R  	mov _calc_crc_2[0],a
 317  0016  0F00     R  	mov a,high offset _array_uart_txbuff
 317  0017  0080     R  	mov _calc_crc_2[1],a
 317  0018  2000     R  	call _calc_crc
 319  0019              #line 319 "C:\ChipsGarden\醇法\MK8000\MK8000-Power PCB\UART2PWMwith8bitsMCU\UART2PWMwith8bitsMCU\Uart.c"
 319  0019  0700     R  	mov a,_Buffer_Send03_2[0]
 319  001A  0080     E  	mov rb,a
 319  001B  1F00     E  	clr rc
 319  001C  0700     R  	mov a,_reg_crc[1]
 319  001D  0080     E  	mov ra,a
 319  001E  0F00     R  	mov a,low (offset _array_uart_txbuff+3)
 319  001F  0300     E  	add a,rb
 319  0020  0083        	mov mp,a
 319  0021  0F00     R  	mov a,high (offset _array_uart_txbuff+3)
 319  0022  1300     E  	adc a,rc
 319  0023  0081        	mov sbp,a
 319  0024  0701        	mov a,sbp
 319  0025  0084        	mov bp,a
 319  0026  0700     R  	mov a,_reg_crc[0]
 319  0027  0082        	mov ir,a
 320  0028              #line 320 "C:\ChipsGarden\醇法\MK8000\MK8000-Power PCB\UART2PWMwith8bitsMCU\UART2PWMwith8bitsMCU\Uart.c"
 320  0028  0F00     R  	mov a,low (offset _array_uart_txbuff+4)
 320  0029  0300     E  	add a,rb
 320  002A  0083        	mov mp,a
 320  002B  0F00     R  	mov a,high (offset _array_uart_txbuff+4)
 320  002C  1300     E  	adc a,rc
 320  002D  0081        	mov sbp,a
 320  002E  0701        	mov a,sbp
 320  002F  0084        	mov bp,a
 320  0030  0700     E  	mov a,ra
 320  0031  0082        	mov ir,a
 322  0032              #line 322 "C:\ChipsGarden\醇法\MK8000\MK8000-Power PCB\UART2PWMwith8bitsMCU\UART2PWMwith8bitsMCU\Uart.c"
 322  0032  0700     R  	mov a,_array_uart_txbuff[0]
 322  0033  00C8        	mov [72],a
 323  0034              #line 323 "C:\ChipsGarden\醇法\MK8000\MK8000-Power PCB\UART2PWMwith8bitsMCU\UART2PWMwith8bitsMCU\Uart.c"
 323  0034  1580     R  	dec _tx_guide[0]
 323  0035              _L26:
 323  0035  0003        	ret
 323  0036              _Buffer_Send03 endp
 323  0036              #line 323 "C:\ChipsGarden\醇法\MK8000\MK8000-Power PCB\UART2PWMwith8bitsMCU\UART2PWMwith8bitsMCU\Uart.c"
 323  0036              #pragma debug scope 1 1
 323  0036              public _Uart_RXD_Manage
 323  0036              #pragma debug scope 12 1
 160  0036              #line 160 "C:\ChipsGarden\醇法\MK8000\MK8000-Power PCB\UART2PWMwith8bitsMCU\UART2PWMwith8bitsMCU\Uart.c"
 160  0000              _Uart_RXD_Manage .section 'code'
 160  0000              _Uart_RXD_Manage proc
 160  0000  0003[           local _Uart_RXD_Manage_2 db 3 dup(?)	; 0,3
            00
            ]
 160  0003              #pragma debug variable 8 12 _Uart_RXD_Manage_2+0 "i"
 162  0003              #line 162 "C:\ChipsGarden\醇法\MK8000\MK8000-Power PCB\UART2PWMwith8bitsMCU\UART2PWMwith8bitsMCU\Uart.c"
 162  0000  3800     E  	snz _interrupt_flag[0].3
 162  0001  2800     R  	jmp _L28
 164  0002              #line 164 "C:\ChipsGarden\醇法\MK8000\MK8000-Power PCB\UART2PWMwith8bitsMCU\UART2PWMwith8bitsMCU\Uart.c"
 164  0002  3400     E  	clr _interrupt_flag[0].3
 165  0003              #line 165 "C:\ChipsGarden\醇法\MK8000\MK8000-Power PCB\UART2PWMwith8bitsMCU\UART2PWMwith8bitsMCU\Uart.c"
"File: Uart.c        Assembler  Version HGASM0202      Page 11

 165  0003  0700     R  	mov a,_array_uart_rxbuff[0]
 165  0004  0A44        	sub a,68
 165  0005  390A        	snz z
 165  0006  2800     R  	jmp _L30
 165  0007  0700     R  	mov a,_array_uart_rxbuff[7]
 165  0008  0A0A        	sub a,10
 165  0009  390A        	snz z
 165  000A  2800     R  	jmp _L30
 167  000B              #line 167 "C:\ChipsGarden\醇法\MK8000\MK8000-Power PCB\UART2PWMwith8bitsMCU\UART2PWMwith8bitsMCU\Uart.c"
 167  000B  0700     R  	mov a,_array_uart_rxbuff[1]
 167  000C  0A03        	sub a,3
 167  000D  3D0A        	sz z
 167  000E  2800     R  	jmp _L31
 167  000F  0700     R  	mov a,_array_uart_rxbuff[1]
 167  0010  0A06        	sub a,6
 167  0011  390A        	snz z
 167  0012  2800     R  	jmp _L30
 167  0013  2800     R  	jmp _L45
 167  0014              _L31:
 167  0014  1F00     R  	clr _Uart_RXD_Manage_2[0]
 167  0015              _L33:
 184  0015              #line 184 "C:\ChipsGarden\醇法\MK8000\MK8000-Power PCB\UART2PWMwith8bitsMCU\UART2PWMwith8bitsMCU\Uart.c"
 184  0015  0700     R  	mov a,_Uart_RXD_Manage_2[0]
 184  0016  0080     R  	mov _Uart_RXD_Manage_2[1],a
 184  0017  1F00     R  	clr _Uart_RXD_Manage_2[2]
 184  0018  0700     R  	mov a,_array_uart_rxbuff[5]
 184  0019  0080     E  	mov ra,a
 184  001A  0700     E  	mov a,ra
 184  001B  0080     E  	mov rb,a
 184  001C  1F00     E  	clr rc
 184  001D  340A        	clr c
 184  001E  1A80     E  	rlc rb
 184  001F  1A80     E  	rlc rc
 184  0020  0700     R  	mov a,_Uart_RXD_Manage_2[1]
 184  0021  0200     E  	sub a,rb
 184  0022  0700     R  	mov a,_Uart_RXD_Manage_2[2]
 184  0023  1200     E  	sbc a,rc
 184  0024  1185        	swap acc
 184  0025  040A        	xor a,status
 184  0026  3985        	snz acc.3
 184  0027  2800     R  	jmp _L46
 186  0028              #line 186 "C:\ChipsGarden\醇法\MK8000\MK8000-Power PCB\UART2PWMwith8bitsMCU\UART2PWMwith8bitsMCU\Uart.c"
 186  0028  0700     R  	mov a,_Uart_RXD_Manage_2[0]
 186  0029  0300     R  	add a,_array_uart_rxbuff[3]
 186  002A  0080     E  	mov ra,a
 186  002B  0700     E  	mov a,ra
 186  002C  2000     E  	call _Read_EEPROM
 186  002D  0080     E  	mov ra,a
 186  002E  0F00     R  	mov a,low (offset _array_uart_txbuff+3)
 186  002F  0300     R  	add a,_Uart_RXD_Manage_2[1]
 186  0030  0083        	mov mp,a
 186  0031  0F00     R  	mov a,high (offset _array_uart_txbuff+3)
 186  0032  1300     R  	adc a,_Uart_RXD_Manage_2[2]
 186  0033  0081        	mov sbp,a
 186  0034  0701        	mov a,sbp
 186  0035  0084        	mov bp,a
 186  0036  0700     E  	mov a,ra
 186  0037  0082        	mov ir,a
 187  0038              #line 187 "C:\ChipsGarden\醇法\MK8000\MK8000-Power PCB\UART2PWMwith8bitsMCU\UART2PWMwith8bitsMCU\Uart.c"
 187  0038  0700     R  	mov a,_Uart_RXD_Manage_2[0]
"File: Uart.c        Assembler  Version HGASM0202      Page 12

 187  0039  0300     R  	add a,_array_uart_rxbuff[3]
 187  003A  0080     E  	mov ra,a
 187  003B  1480     E  	inc ra
 187  003C  0700     E  	mov a,ra
 187  003D  2000     E  	call _Read_EEPROM
 187  003E  0080     E  	mov ra,a
 187  003F  0F00     R  	mov a,low (offset _array_uart_txbuff+4)
 187  0040  0300     R  	add a,_Uart_RXD_Manage_2[1]
 187  0041  0083        	mov mp,a
 187  0042  0F00     R  	mov a,high (offset _array_uart_txbuff+4)
 187  0043  1300     R  	adc a,_Uart_RXD_Manage_2[2]
 187  0044  0081        	mov sbp,a
 187  0045  0701        	mov a,sbp
 187  0046  0084        	mov bp,a
 187  0047  0700     E  	mov a,ra
 187  0048  0082        	mov ir,a
 184  0049              #line 184 "C:\ChipsGarden\醇法\MK8000\MK8000-Power PCB\UART2PWMwith8bitsMCU\UART2PWMwith8bitsMCU\Uart.c"
 184  0049  0F02        	mov a,2
 184  004A  0380     R  	addm a,_Uart_RXD_Manage_2[0]
 184  004B  2800     R  	jmp _L33
 184  004C              _L46:
 190  004C              #line 190 "C:\ChipsGarden\醇法\MK8000\MK8000-Power PCB\UART2PWMwith8bitsMCU\UART2PWMwith8bitsMCU\Uart.c"
 190  004C  0700     E  	mov a,ra
 190  004D  0380     E  	addm a,ra
 190  004E  0700     E  	mov a,ra
 190  004F  2000     R  	call _Buffer_Send03
 191  0050              #line 191 "C:\ChipsGarden\醇法\MK8000\MK8000-Power PCB\UART2PWMwith8bitsMCU\UART2PWMwith8bitsMCU\Uart.c"
 191  0050  2800     R  	jmp _L30
 191  0051              _L45:
 193  0051              #line 193 "C:\ChipsGarden\醇法\MK8000\MK8000-Power PCB\UART2PWMwith8bitsMCU\UART2PWMwith8bitsMCU\Uart.c"
 193  0051  0700     R  	mov a,_array_uart_rxbuff[2]
 193  0052  0080     R  	mov _Uart_RXD_Manage_2[0],a
 193  0053  0700     R  	mov a,_Uart_RXD_Manage_2[0]
 193  0054  0A02        	sub a,2
 193  0055  3D0A        	sz z
 193  0056  2800     R  	jmp _L30
 197  0057              #line 197 "C:\ChipsGarden\醇法\MK8000\MK8000-Power PCB\UART2PWMwith8bitsMCU\UART2PWMwith8bitsMCU\Uart.c"
 197  0057  0700     R  	mov a,_Uart_RXD_Manage_2[0]
 197  0058  0A06        	sub a,6
 197  0059  390A        	snz z
 197  005A  2800     R  	jmp _L35
 199  005B              #line 199 "C:\ChipsGarden\醇法\MK8000\MK8000-Power PCB\UART2PWMwith8bitsMCU\UART2PWMwith8bitsMCU\Uart.c"
 199  005B  0700     R  	mov a,_array_uart_rxbuff[4]
 199  005C  0080     R  	mov _reg_crc[1],a
 200  005D              #line 200 "C:\ChipsGarden\醇法\MK8000\MK8000-Power PCB\UART2PWMwith8bitsMCU\UART2PWMwith8bitsMCU\Uart.c"
 200  005D  0700     R  	mov a,_array_uart_rxbuff[5]
 200  005E  0080     R  	mov _reg_crc[0],a
 201  005F              #line 201 "C:\ChipsGarden\醇法\MK8000\MK8000-Power PCB\UART2PWMwith8bitsMCU\UART2PWMwith8bitsMCU\Uart.c"
 201  005F  1080     R  	sz _array_uart_rxbuff[3]
 201  0060  2800     R  	jmp _L36
 203  0061              #line 203 "C:\ChipsGarden\醇法\MK8000\MK8000-Power PCB\UART2PWMwith8bitsMCU\UART2PWMwith8bitsMCU\Uart.c"
 203  0061  0700     R  	mov a,_reg_crc[0]
 203  0062  0080     E  	mov _PWM_period_2[0],a
 203  0063  0700     R  	mov a,_reg_crc[1]
 203  0064  0080     E  	mov _PWM_period_2[1],a
 203  0065  2000     E  	call _PWM_period
 203  0066  2800     R  	jmp _L44
 203  0067              _L36:
 207  0067              #line 207 "C:\ChipsGarden\醇法\MK8000\MK8000-Power PCB\UART2PWMwith8bitsMCU\UART2PWMwith8bitsMCU\Uart.c"
 207  0067  0700     R  	mov a,_reg_crc[0]
"File: Uart.c        Assembler  Version HGASM0202      Page 13

 207  0068  0080     E  	mov _PWM_duty_2[0],a
 207  0069  0700     R  	mov a,_reg_crc[1]
 207  006A  0080     E  	mov _PWM_duty_2[1],a
 207  006B  2000     E  	call _PWM_duty
 207  006C  2800     R  	jmp _L44
 207  006D              _L35:
 217  006D              #line 217 "C:\ChipsGarden\醇法\MK8000\MK8000-Power PCB\UART2PWMwith8bitsMCU\UART2PWMwith8bitsMCU\Uart.c"
 217  006D  0700     R  	mov a,_array_uart_rxbuff[4]
 217  006E  0080     E  	mov _Write_EEPROM_2[0],a
 217  006F  0700     R  	mov a,_array_uart_rxbuff[3]
 217  0070  2000     E  	call _Write_EEPROM
 218  0071              #line 218 "C:\ChipsGarden\醇法\MK8000\MK8000-Power PCB\UART2PWMwith8bitsMCU\UART2PWMwith8bitsMCU\Uart.c"
 218  0071  1400     R  	inca _array_uart_rxbuff[3]
 218  0072  0080     E  	mov ra,a
 218  0073  0700     R  	mov a,_array_uart_rxbuff[5]
 218  0074  0080     E  	mov _Write_EEPROM_2[0],a
 218  0075  0700     E  	mov a,ra
 218  0076  2000     E  	call _Write_EEPROM
 218  0077              _L44:
 221  0077              #line 221 "C:\ChipsGarden\醇法\MK8000\MK8000-Power PCB\UART2PWMwith8bitsMCU\UART2PWMwith8bitsMCU\Uart.c"
 221  0077  0700     R  	mov a,_array_uart_rxbuff[2]
 221  0078  0080     R  	mov _array_uart_txbuff[2],a
 221  0079  0700     R  	mov a,_array_uart_rxbuff[3]
 221  007A  0080     R  	mov _array_uart_txbuff[3],a
 221  007B  0700     R  	mov a,_array_uart_rxbuff[4]
 221  007C  0080     R  	mov _array_uart_txbuff[4],a
 221  007D  0700     R  	mov a,_array_uart_rxbuff[5]
 221  007E  0080     R  	mov _array_uart_txbuff[5],a
 223  007F              #line 223 "C:\ChipsGarden\醇法\MK8000\MK8000-Power PCB\UART2PWMwith8bitsMCU\UART2PWMwith8bitsMCU\Uart.c"
 223  007F  0F04        	mov a,4
 223  0080  2000     R  	call _Buffer_Send06
 223  0081              _L30:
 231  0081              #line 231 "C:\ChipsGarden\醇法\MK8000\MK8000-Power PCB\UART2PWMwith8bitsMCU\UART2PWMwith8bitsMCU\Uart.c"
 231  0081  1F00     R  	clr _rx_guide[0]
 231  0082              _L28:
 231  0082  0003        	ret
 231  0083              _Uart_RXD_Manage endp
 231  0083              #line 231 "C:\ChipsGarden\醇法\MK8000\MK8000-Power PCB\UART2PWMwith8bitsMCU\UART2PWMwith8bitsMCU\Uart.c"
 231  0083              #pragma debug scope 1 1
  42  0083              #line 42 "C:\ChipsGarden\醇法\MK8000\MK8000-Power PCB\UART2PWMwith8bitsMCU\UART2PWMwith8bitsMCU\Uart.c"
  42  0083              public _reg_crc
  42  0000              @HCCINIT0 .section 'data'
  42  0000  0002[       _reg_crc	db 2 dup(0)
            00
            ]
  42  0002              #pragma debug struct_end
  42  0002              #pragma debug struct_end
  42  0002              #pragma debug struct_end
  42  0002              #pragma debug struct_end
  42  0002              #pragma debug union_end
  42  0002              #pragma debug union_end
  42  0002              #pragma debug variable 45 1 _reg_crc "reg_crc"
  42  0002              
  42  0000              @HCCINIT .section 'data'
  40  0000              #line 40 "C:\ChipsGarden\醇法\MK8000\MK8000-Power PCB\UART2PWMwith8bitsMCU\UART2PWMwith8bitsMCU\Uart.c"
  40  0000              public _array_uart_rxbuff
  40  0002              @HCCINIT0 .section 'data'
  40  0002  0008[       _array_uart_rxbuff	db 8 dup(0)
            00
            ]
"File: Uart.c        Assembler  Version HGASM0202      Page 14

  40  000A              #pragma debug array 46 8 8 1
  40  000A              #pragma debug array 46 8 8 1
  40  000A              #pragma debug variable 46 1 _array_uart_rxbuff "array_uart_rxbuff"
  40  000A              
  40  0000              @HCCINIT .section 'data'
  39  0000              #line 39 "C:\ChipsGarden\醇法\MK8000\MK8000-Power PCB\UART2PWMwith8bitsMCU\UART2PWMwith8bitsMCU\Uart.c"
  39  0000              public _array_uart_txbuff
  39  000A              @HCCINIT0 .section 'data'
  39  000A  0010[       _array_uart_txbuff	db 16 dup(0)
            00
            ]
  39  001A              #pragma debug array 47 8 16 1
  39  001A              #pragma debug array 47 8 16 1
  39  001A              #pragma debug variable 47 1 _array_uart_txbuff "array_uart_txbuff"
  39  001A              
  39  0000              @HCCINIT .section 'data'
  38  0000              #line 38 "C:\ChipsGarden\醇法\MK8000\MK8000-Power PCB\UART2PWMwith8bitsMCU\UART2PWMwith8bitsMCU\Uart.c"
  38  0000              public _tx_guide
  38  001A              @HCCINIT0 .section 'data'
  38  001A              _tx_guide	db 0
  38  001B              #pragma debug variable 8 1 _tx_guide "tx_guide"
  38  001B              
  38  0000              @HCCINIT .section 'data'
  37  0000              #line 37 "C:\ChipsGarden\醇法\MK8000\MK8000-Power PCB\UART2PWMwith8bitsMCU\UART2PWMwith8bitsMCU\Uart.c"
  37  0000              public _rx_guide
  37  001B              @HCCINIT0 .section 'data'
  37  001B              _rx_guide	db 0
  37  001C              #pragma debug variable 8 1 _rx_guide "rx_guide"
  37  001C              
  37  0000              @HCCINIT .section 'data'
  36  0000              #line 36 "C:\ChipsGarden\醇法\MK8000\MK8000-Power PCB\UART2PWMwith8bitsMCU\UART2PWMwith8bitsMCU\Uart.c"
  36  0000              public _tx_index
  36  001C              @HCCINIT0 .section 'data'
  36  001C              _tx_index	db 0
  36  001D              #pragma debug variable 8 1 _tx_index "tx_index"
  36  001D              
  36  0000              @HCCINIT .section 'data'
  36  0000              #pragma debug variable 8 1 ___acc "__acc" 1
  36  0000              #pragma debug struct_end
  36  0000              #pragma debug struct_end
  36  0000              #pragma debug union_end
  36  0000              #pragma debug union_end
  36  0000              #pragma debug variable 49 1 ___intc2 "__intc2" 1
  36  0000              #pragma debug struct_end
  36  0000              #pragma debug struct_end
  36  0000              #pragma debug union_end
  36  0000              #pragma debug union_end
  36  0000              #pragma debug variable 51 1 ___pc "__pc" 1
  36  0000              #pragma debug struct_end
  36  0000              #pragma debug struct_end
  36  0000              #pragma debug union_end
  36  0000              #pragma debug union_end
  36  0000              #pragma debug variable 53 1 ___pcc "__pcc" 1
  36  0000              #pragma debug struct_end
  36  0000              #pragma debug struct_end
  36  0000              #pragma debug union_end
  36  0000              #pragma debug union_end
  36  0000              #pragma debug variable 55 1 ___pcpu "__pcpu" 1
  36  0000              #pragma debug struct_end
  36  0000              #pragma debug struct_end
"File: Uart.c        Assembler  Version HGASM0202      Page 15

  36  0000              #pragma debug union_end
  36  0000              #pragma debug union_end
  36  0000              #pragma debug variable 57 1 ___usr "__usr" 1
  36  0000              #pragma debug struct_end
  36  0000              #pragma debug struct_end
  36  0000              #pragma debug union_end
  36  0000              #pragma debug union_end
  36  0000              #pragma debug variable 59 1 ___ucr1 "__ucr1" 1
  36  0000              #pragma debug struct_end
  36  0000              #pragma debug struct_end
  36  0000              #pragma debug union_end
  36  0000              #pragma debug union_end
  36  0000              #pragma debug variable 61 1 ___ucr2 "__ucr2" 1
  36  0000              #pragma debug struct_end
  36  0000              #pragma debug struct_end
  36  0000              #pragma debug union_end
  36  0000              #pragma debug union_end
  36  0000              #pragma debug variable 63 1 ___brg "__brg" 1
  36  0000              #pragma debug struct_end
  36  0000              #pragma debug struct_end
  36  0000              #pragma debug union_end
  36  0000              #pragma debug union_end
  36  0000              #pragma debug variable 65 1 ___txr_rxr "__txr_rxr" 1
  36  0000              
  36  0000              ; output external variables
  36  0000              extern _interrupt_flag:byte
  36  0000              extern r1:byte
  36  0000              extern r2:byte
  36  0000              extern r3:byte
  36  0000              extern r4:byte
  36  0000              extern r5:byte
  36  0000              extern r6:byte
  36  0000              extern r7:byte
  36  0000              extern _Read_EEPROM:near
  36  0000              extern _PWM_period_2:byte
  36  0000              extern _PWM_period:near
  36  0000              extern _PWM_duty_2:byte
  36  0000              extern _PWM_duty:near
  36  0000              extern _Write_EEPROM_2:byte
  36  0000              extern _Write_EEPROM:near
  36  0000              
  36  0000              ; 
  36  0000              ; Generated by holtek-gcc v3.19, Wed Dec 02 18:44:51 2020
  36  0000              ; Rebuild 718
  36  0000              ; end of file


        0 Errors, 0